\BOOKMARK [0][-]{chapter.0}{Table of Contents}{}% 1
\BOOKMARK [0][-]{chapter*.4}{List of Tables}{}% 2
\BOOKMARK [0][-]{chapter*.5}{List of Figures}{}% 3
\BOOKMARK [0][-]{chapter*.6}{Abstract}{}% 4
\BOOKMARK [0][-]{chapter.1}{1 Introduction}{}% 5
\BOOKMARK [1][-]{section.1.1}{1.1 Math IR Domains}{chapter.1}% 6
\BOOKMARK [1][-]{section.1.2}{1.2 Issues in Measuring Similarity}{chapter.1}% 7
\BOOKMARK [1][-]{section.1.3}{1.3 Contribution Summary}{chapter.1}% 8
\BOOKMARK [0][-]{chapter.2}{2 Related Work}{}% 9
\BOOKMARK [1][-]{section.2.1}{2.1 Text-based methods}{chapter.2}% 10
\BOOKMARK [1][-]{section.2.2}{2.2 Structure-based methods}{chapter.2}% 11
\BOOKMARK [1][-]{section.2.3}{2.3 Other related work}{chapter.2}% 12
\BOOKMARK [1][-]{section.2.4}{2.4 Performance Review}{chapter.2}% 13
\BOOKMARK [0][-]{chapter.3}{3 Methodology}{}% 14
\BOOKMARK [1][-]{section.3.1}{3.1 Intuitions}{chapter.3}% 15
\BOOKMARK [2][-]{subsection.3.1.1}{3.1.1 Commutative immunity}{section.3.1}% 16
\BOOKMARK [2][-]{subsection.3.1.2}{3.1.2 Sub-structure query ability}{section.3.1}% 17
\BOOKMARK [2][-]{subsection.3.1.3}{3.1.3 Index and search properties}{section.3.1}% 18
\BOOKMARK [1][-]{section.3.2}{3.2 Structure Similarity}{chapter.3}% 19
\BOOKMARK [2][-]{subsection.3.2.1}{3.2.1 Definitions}{section.3.2}% 20
\BOOKMARK [3][-]{subsubsection.3.2.1.1}{3.2.1.1 Formula tree}{subsection.3.2.1}% 21
\BOOKMARK [3][-]{subsubsection.3.2.1.2}{3.2.1.2 Formula subtree}{subsection.3.2.1}% 22
\BOOKMARK [3][-]{subsubsection.3.2.1.3}{3.2.1.3 Leaf-root path set}{subsection.3.2.1}% 23
\BOOKMARK [3][-]{subsubsection.3.2.1.4}{3.2.1.4 Index}{subsection.3.2.1}% 24
\BOOKMARK [2][-]{subsection.3.2.2}{3.2.2 Search method}{section.3.2}% 25
\BOOKMARK [2][-]{subsection.3.2.3}{3.2.3 Substructure matching}{section.3.2}% 26
\BOOKMARK [3][-]{subsubsection.3.2.3.1}{3.2.3.1 Observation \0431}{subsection.3.2.3}% 27
\BOOKMARK [3][-]{subsubsection.3.2.3.2}{3.2.3.2 Observation \0432}{subsection.3.2.3}% 28
\BOOKMARK [3][-]{subsubsection.3.2.3.3}{3.2.3.3 Observation \0433}{subsection.3.2.3}% 29
\BOOKMARK [2][-]{subsection.3.2.4}{3.2.4 Interpretation}{section.3.2}% 30
\BOOKMARK [2][-]{subsection.3.2.5}{3.2.5 The decompose-and-match algorithm}{section.3.2}% 31
\BOOKMARK [1][-]{section.3.3}{3.3 Symbolic Similarity}{chapter.3}% 32
\BOOKMARK [2][-]{subsection.3.3.1}{3.3.1 Ranking constrains}{section.3.3}% 33
\BOOKMARK [2][-]{subsection.3.3.2}{3.3.2 The mark-and-cross algorithm}{section.3.3}% 34
\BOOKMARK [1][-]{section.3.4}{3.4 Combine the Two}{chapter.3}% 35
\BOOKMARK [2][-]{subsection.3.4.1}{3.4.1 Relaxed structure match}{section.3.4}% 36
\BOOKMARK [2][-]{subsection.3.4.2}{3.4.2 Matching-depth}{section.3.4}% 37
\BOOKMARK [2][-]{subsection.3.4.3}{3.4.3 Matching-ratio}{section.3.4}% 38
\BOOKMARK [2][-]{subsection.3.4.4}{3.4.4 Final ranking schema}{section.3.4}% 39
\BOOKMARK [2][-]{subsection.3.4.5}{3.4.5 Illustrated by an example}{section.3.4}% 40
\BOOKMARK [0][-]{chapter.4}{4 Implementation and Evaluation}{}% 41
\BOOKMARK [1][-]{section.4.1}{4.1 System Overview}{chapter.4}% 42
\BOOKMARK [1][-]{section.4.2}{4.2 Implementation}{chapter.4}% 43
\BOOKMARK [2][-]{subsection.4.2.1}{4.2.1 Crawler}{section.4.2}% 44
\BOOKMARK [2][-]{subsection.4.2.2}{4.2.2 Parser}{section.4.2}% 45
\BOOKMARK [2][-]{subsection.4.2.3}{4.2.3 Index}{section.4.2}% 46
\BOOKMARK [2][-]{subsection.4.2.4}{4.2.4 Search program}{section.4.2}% 47
\BOOKMARK [2][-]{subsection.4.2.5}{4.2.5 Web front-end}{section.4.2}% 48
\BOOKMARK [1][-]{section.4.3}{4.3 Evaluation}{chapter.4}% 49
\BOOKMARK [2][-]{subsection.4.3.1}{4.3.1 Dataset and index}{section.4.3}% 50
\BOOKMARK [2][-]{subsection.4.3.2}{4.3.2 Relevance judgement}{section.4.3}% 51
\BOOKMARK [2][-]{subsection.4.3.3}{4.3.3 Results}{section.4.3}% 52
\BOOKMARK [0][-]{chapter.5}{5 Conclusion and Future Work}{}% 53
\BOOKMARK [1][-]{section.5.1}{5.1 Summery and Conclusion}{chapter.5}% 54
\BOOKMARK [1][-]{section.5.2}{5.2 Current Problems}{chapter.5}% 55
\BOOKMARK [1][-]{section.5.3}{5.3 Future Work}{chapter.5}% 56
\BOOKMARK [0][-]{chapter*.11}{References}{}% 57
\BOOKMARK [0][-]{appendix.A}{A Grammar rules of parser}{}% 58
\BOOKMARK [0][-]{appendix.B}{B Lexer tokens of parser}{}% 59
