This is pdfTeX, Version 3.1415926-2.5-1.40.14 (TeX Live 2013/Debian) (format=pdflatex 2015.1.27)  18 MAY 2015 14:15
entering extended mode
 restricted \write18 enabled.
 %&-line parsing enabled.
**sigproc-sp.tex
(./sigproc-sp.tex
LaTeX2e <2011/06/27>
Babel <3.9h> and hyphenation patterns for 2 languages loaded.
(./acm_proc_article-sp.cls
(/usr/share/texlive/texmf-dist/tex/latex/graphics/epsfig.sty
Package: epsfig 1999/02/16 v1.7a (e)psfig emulation (SPQR)

(/usr/share/texlive/texmf-dist/tex/latex/graphics/graphicx.sty
Package: graphicx 1999/02/16 v1.0f Enhanced LaTeX Graphics (DPC,SPQR)

(/usr/share/texlive/texmf-dist/tex/latex/graphics/keyval.sty
Package: keyval 1999/03/16 v1.13 key=value parser (DPC)
\KV@toks@=\toks14
)
(/usr/share/texlive/texmf-dist/tex/latex/graphics/graphics.sty
Package: graphics 2009/02/05 v1.0o Standard LaTeX Graphics (DPC,SPQR)

(/usr/share/texlive/texmf-dist/tex/latex/graphics/trig.sty
Package: trig 1999/03/16 v1.09 sin cos tan (DPC)
)
(/usr/share/texlive/texmf-dist/tex/latex/latexconfig/graphics.cfg
File: graphics.cfg 2010/04/23 v1.9 graphics configuration of TeX Live
)
Package graphics Info: Driver file: pdftex.def on input line 91.

(/usr/share/texlive/texmf-dist/tex/latex/pdftex-def/pdftex.def
File: pdftex.def 2011/05/27 v0.06d Graphics/color for pdfTeX

(/usr/share/texlive/texmf-dist/tex/generic/oberdiek/infwarerr.sty
Package: infwarerr 2010/04/08 v1.3 Providing info/warning/error messages (HO)
)
(/usr/share/texlive/texmf-dist/tex/generic/oberdiek/ltxcmds.sty
Package: ltxcmds 2011/11/09 v1.22 LaTeX kernel commands for general use (HO)
)
\Gread@gobject=\count79
))
\Gin@req@height=\dimen102
\Gin@req@width=\dimen103
)
\epsfxsize=\dimen104
\epsfysize=\dimen105
)
(/usr/share/texlive/texmf-dist/tex/latex/amsfonts/amssymb.sty
Package: amssymb 2013/01/14 v3.01 AMS font symbols

(/usr/share/texlive/texmf-dist/tex/latex/amsfonts/amsfonts.sty
Package: amsfonts 2013/01/14 v3.01 Basic AMSFonts support
\@emptytoks=\toks15
\symAMSa=\mathgroup4
\symAMSb=\mathgroup5
LaTeX Font Info:    Overwriting math alphabet `\mathfrak' in version `bold'
(Font)                  U/euf/m/n --> U/euf/b/n on input line 106.
))
(/usr/share/texlive/texmf-dist/tex/latex/amsmath/amsmath.sty
Package: amsmath 2013/01/14 v2.14 AMS math features
\@mathmargin=\skip41

For additional information on amsmath, use the `?' option.
(/usr/share/texlive/texmf-dist/tex/latex/amsmath/amstext.sty
Package: amstext 2000/06/29 v2.01

(/usr/share/texlive/texmf-dist/tex/latex/amsmath/amsgen.sty
File: amsgen.sty 1999/11/30 v2.0
\@emptytoks=\toks16
\ex@=\dimen106
))
(/usr/share/texlive/texmf-dist/tex/latex/amsmath/amsbsy.sty
Package: amsbsy 1999/11/29 v1.2d
\pmbraise@=\dimen107
)
(/usr/share/texlive/texmf-dist/tex/latex/amsmath/amsopn.sty
Package: amsopn 1999/12/14 v2.01 operator names
)
\inf@bad=\count80
LaTeX Info: Redefining \frac on input line 210.
\uproot@=\count81
\leftroot@=\count82
LaTeX Info: Redefining \overline on input line 306.
\classnum@=\count83
\DOTSCASE@=\count84
LaTeX Info: Redefining \ldots on input line 378.
LaTeX Info: Redefining \dots on input line 381.
LaTeX Info: Redefining \cdots on input line 466.
\Mathstrutbox@=\box26
\strutbox@=\box27
\big@size=\dimen108
LaTeX Font Info:    Redeclaring font encoding OML on input line 566.
LaTeX Font Info:    Redeclaring font encoding OMS on input line 567.
\macc@depth=\count85
\c@MaxMatrixCols=\count86
\dotsspace@=\muskip10
\c@parentequation=\count87
\dspbrk@lvl=\count88
\tag@help=\toks17
\row@=\count89
\column@=\count90
\maxfields@=\count91
\andhelp@=\toks18
\eqnshift@=\dimen109
\alignsep@=\dimen110
\tagshift@=\dimen111
\tagwidth@=\dimen112
\totwidth@=\dimen113
\lineht@=\dimen114
\@envbody=\toks19
\multlinegap=\skip42
\multlinetaggap=\skip43
\mathdisplay@stack=\toks20
LaTeX Info: Redefining \[ on input line 2665.
LaTeX Info: Redefining \] on input line 2666.
)
Document Class 'acm_proc_article-sp' <22nd. April '09>. Modified by G.K.M. Tobi
n
Based in part upon document Style `acmconf' <22 May 89>. Hacked 4/91 by
shivers@cs.cmu.edu, 4/93 by theobald@cs.mcgill.ca
Excerpts were taken from (Journal Style) 'esub2acm.cls'.
****** Bugs/comments/suggestions to Gerry Murray -- murray@hq.acm.org ******
\footheight=\dimen115
\@maxsep=\dimen116
\@dblmaxsep=\dimen117
\aucount=\count92
\originalaucount=\count93
\auwidth=\dimen118
\auskip=\dimen119
\auskipcount=\count94
\auskip=\dimen120
\allauboxes=\dimen121
\addauthors=\toks21
\addauflag=\count95
\subtitletext=\toks22
\savesection=\count96
\sectioncntr=\count97
\c@figure=\count98
\c@table=\count99
\titleboxnotes=\toks23
\titleboxnoteflag=\count100
Document Class: acm_proc_article-sp 2009/04/22 - V3.2SP - based on esub2acm.sty
 <23 April 96>
(/usr/share/texlive/texmf-dist/tex/latex/base/latexsym.sty
Package: latexsym 1998/08/17 v2.2e Standard LaTeX package (lasy symbols)
\symlasy=\mathgroup6
LaTeX Font Info:    Overwriting symbol font `lasy' in version `bold'
(Font)                  U/lasy/m/n --> U/lasy/b/n on input line 47.
)
\@acmtitlebox=\box28
\titlenotecount=\count101
\tntoks=\toks24
\tntokstwo=\toks25
\tntoksthree=\toks26
\tntoksfour=\toks27
\tntoksfive=\toks28
\catcount=\count102
\copyrightnotice=\toks29
\conf=\toks30
\confinfo=\toks31
\c@part=\count103
\c@section=\count104
\c@subsection=\count105
\c@subsubsection=\count106
\c@paragraph=\count107

Using 'Abbrev' bibliography style
LaTeX Info: Redefining \cite on input line 1236.
\bibindent=\dimen122
\colcntr=\count108
\saveb@x=\box29
\copyrtyr=\toks32
\acmcopyr=\toks33
\boilerplate=\toks34
\copyrightetc=\toks35
(/usr/share/texlive/texmf-dist/tex/latex/base/fontenc.sty
Package: fontenc 2005/09/27 v1.99g Standard LaTeX package

(/usr/share/texlive/texmf-dist/tex/latex/base/t1enc.def
File: t1enc.def 2005/09/27 v1.99g Standard LaTeX file
LaTeX Font Info:    Redeclaring font encoding T1 on input line 43.
)
LaTeX Font Info:    Try loading font information for T1+aer on input line 100.

(/usr/share/texlive/texmf-dist/tex/latex/ae/t1aer.fd
File: t1aer.fd 1997/11/16 Font definitions for T1/aer.
)))
(/usr/share/texlive/texmf-dist/tex/latex/algorithmicx/algorithmicx.sty
Package: algorithmicx 2005/04/27 v1.2 Algorithmicx

(/usr/share/texlive/texmf-dist/tex/latex/base/ifthen.sty
Package: ifthen 2001/05/26 v1.1c Standard LaTeX ifthen package (DPC)
)
Document Style algorithmicx 1.2 - a greatly improved `algorithmic' style
\c@ALG@line=\count109
\c@ALG@rem=\count110
\c@ALG@nested=\count111
\ALG@tlm=\skip44
\ALG@thistlm=\skip45
\c@ALG@Lnr=\count112
\c@ALG@blocknr=\count113
\c@ALG@storecount=\count114
\c@ALG@tmpcounter=\count115
\ALG@tmplength=\skip46
) (/usr/share/texlive/texmf-dist/tex/latex/algorithms/algorithm.sty
Package: algorithm 2009/08/24 v0.1 Document Style `algorithm' - floating enviro
nment

(/usr/share/texlive/texmf-dist/tex/latex/float/float.sty
Package: float 2001/11/08 v1.3d Float enhancements (AL)
\c@float@type=\count116
\float@exts=\toks36
\float@box=\box30
\@float@everytoks=\toks37
\@floatcapt=\box31
)
\@float@every@algorithm=\toks38
\c@algorithm=\count117
)
(/usr/share/texlive/texmf-dist/tex/latex/algorithmicx/algpseudocode.sty
Package: algpseudocode 

Document Style - pseudocode environments for use with the `algorithmicx' style
) (/usr/share/texlive/texmf-dist/tex/latex/tools/array.sty
Package: array 2008/09/09 v2.4c Tabular extension package (FMi)
\col@sep=\dimen123
\extrarowheight=\dimen124
\NC@list=\toks39
\extratabsurround=\skip47
\backup@length=\skip48
)
(/usr/share/texlive/texmf-dist/tex/latex/tools/dcolumn.sty
Package: dcolumn 2001/05/28 v1.06 decimal alignment package (DPC)
)
(/usr/share/texlive/texmf-dist/tex/latex/multirow/multirow.sty
\bigstrutjot=\dimen125
)
(/usr/share/texlive/texmf-dist/tex/latex/tools/hhline.sty
Package: hhline 1994/05/23 v2.03 Table rule package (DPC)
) (./sigproc-sp.aux)
\openout1 = `sigproc-sp.aux'.

LaTeX Font Info:    Checking defaults for OML/cmm/m/it on input line 23.
LaTeX Font Info:    ... okay on input line 23.
LaTeX Font Info:    Checking defaults for T1/cmr/m/n on input line 23.
LaTeX Font Info:    ... okay on input line 23.
LaTeX Font Info:    Checking defaults for OT1/cmr/m/n on input line 23.
LaTeX Font Info:    ... okay on input line 23.
LaTeX Font Info:    Checking defaults for OMS/cmsy/m/n on input line 23.
LaTeX Font Info:    ... okay on input line 23.
LaTeX Font Info:    Checking defaults for OMX/cmex/m/n on input line 23.
LaTeX Font Info:    ... okay on input line 23.
LaTeX Font Info:    Checking defaults for U/cmr/m/n on input line 23.
LaTeX Font Info:    ... okay on input line 23.

(/usr/share/texlive/texmf-dist/tex/context/base/supp-pdf.mkii
[Loading MPS to PDF converter (version 2006.09.02).]
\scratchcounter=\count118
\scratchdimen=\dimen126
\scratchbox=\box32
\nofMPsegments=\count119
\nofMParguments=\count120
\everyMPshowfont=\toks40
\MPscratchCnt=\count121
\MPscratchDim=\dimen127
\MPnumerator=\count122
\makeMPintoPDFobject=\count123
\everyMPtoPDFconversion=\toks41
) (/usr/share/texlive/texmf-dist/tex/generic/oberdiek/pdftexcmds.sty
Package: pdftexcmds 2011/11/29 v0.20 Utility functions of pdfTeX for LuaTeX (HO
)

(/usr/share/texlive/texmf-dist/tex/generic/oberdiek/ifluatex.sty
Package: ifluatex 2010/03/01 v1.3 Provides the ifluatex switch (HO)
Package ifluatex Info: LuaTeX not detected.
)
(/usr/share/texlive/texmf-dist/tex/generic/oberdiek/ifpdf.sty
Package: ifpdf 2011/01/30 v2.3 Provides the ifpdf switch (HO)
Package ifpdf Info: pdfTeX in PDF mode is detected.
)
Package pdftexcmds Info: LuaTeX not detected.
Package pdftexcmds Info: \pdf@primitive is available.
Package pdftexcmds Info: \pdf@ifprimitive is available.
Package pdftexcmds Info: \pdfdraftmode found.
)
(/usr/share/texlive/texmf-dist/tex/latex/oberdiek/epstopdf-base.sty
Package: epstopdf-base 2010/02/09 v2.5 Base part for package epstopdf

(/usr/share/texlive/texmf-dist/tex/latex/oberdiek/grfext.sty
Package: grfext 2010/08/19 v1.1 Manage graphics extensions (HO)

(/usr/share/texlive/texmf-dist/tex/generic/oberdiek/kvdefinekeys.sty
Package: kvdefinekeys 2011/04/07 v1.3 Define keys (HO)
))
(/usr/share/texlive/texmf-dist/tex/latex/oberdiek/kvoptions.sty
Package: kvoptions 2011/06/30 v3.11 Key value format for package options (HO)

(/usr/share/texlive/texmf-dist/tex/generic/oberdiek/kvsetkeys.sty
Package: kvsetkeys 2012/04/25 v1.16 Key value parser (HO)

(/usr/share/texlive/texmf-dist/tex/generic/oberdiek/etexcmds.sty
Package: etexcmds 2011/02/16 v1.5 Avoid name clashes with e-TeX commands (HO)
Package etexcmds Info: Could not find \expanded.
(etexcmds)             That can mean that you are not using pdfTeX 1.50 or
(etexcmds)             that some package has redefined \expanded.
(etexcmds)             In the latter case, load this package earlier.
)))
Package grfext Info: Graphics extension search list:
(grfext)             [.png,.pdf,.jpg,.mps,.jpeg,.jbig2,.jb2,.PNG,.PDF,.JPG,.JPE
G,.JBIG2,.JB2,.eps]
(grfext)             \AppendGraphicsExtensions on input line 452.

(/usr/share/texlive/texmf-dist/tex/latex/latexconfig/epstopdf-sys.cfg
File: epstopdf-sys.cfg 2010/07/13 v1.3 Configuration of (r)epstopdf for TeX Liv
e
))
LaTeX Font Info:    Try loading font information for U+msa on input line 36.

(/usr/share/texlive/texmf-dist/tex/latex/amsfonts/umsa.fd
File: umsa.fd 2013/01/14 v3.01 AMS symbols A
)
LaTeX Font Info:    Try loading font information for U+msb on input line 36.

(/usr/share/texlive/texmf-dist/tex/latex/amsfonts/umsb.fd
File: umsb.fd 2013/01/14 v3.01 AMS symbols B
)
LaTeX Font Info:    Try loading font information for U+lasy on input line 36.

(/usr/share/texlive/texmf-dist/tex/latex/base/ulasy.fd
File: ulasy.fd 1998/08/17 v2.2e LaTeX symbol font definitions
)

LaTeX Warning: No \author given.


Overfull \hbox (5.25287pt too wide) in paragraph at lines 56--64
[]\T1/aer/m/n/9 However, math-e-mat-i-cal lan-guage is in-trin-si-cally dif-fer
-ent from
 []


Underfull \vbox (badness 10000) has occurred while \output is active []

 [1{/var/lib/texmf/fonts/map/pdftex/updmap/pdftex.map}


]
Package epstopdf Info: Source file: <res/leafroottree.eps>
(epstopdf)                    date: 2015-05-06 11:19:05
(epstopdf)                    size: 5370 bytes
(epstopdf)             Output file: <res/leafroottree-eps-converted-to.pdf>
(epstopdf)                    date: 2015-05-06 11:19:15
(epstopdf)                    size: 4578 bytes
(epstopdf)             Command: <repstopdf --outfile=res/leafroottree-eps-conve
rted-to.pdf res/leafroottree.eps>
(epstopdf)             \includegraphics on input line 101.
Package epstopdf Info: Output file is already uptodate.

<res/leafroottree-eps-converted-to.pdf, id=14, 170.6375pt x 188.705pt>
File: res/leafroottree-eps-converted-to.pdf Graphic file (type pdf)

<use res/leafroottree-eps-converted-to.pdf>
Package pdftex.def Info: res/leafroottree-eps-converted-to.pdf used on input li
ne 101.
(pdftex.def)             Requested size: 72.27132pt x 93.94914pt.
Package epstopdf Info: Source file: <res/leafrootpath.eps>
(epstopdf)                    date: 2015-04-30 09:01:37
(epstopdf)                    size: 5948 bytes
(epstopdf)             Output file: <res/leafrootpath-eps-converted-to.pdf>
(epstopdf)                    date: 2015-05-06 11:19:16
(epstopdf)                    size: 4690 bytes
(epstopdf)             Command: <repstopdf --outfile=res/leafrootpath-eps-conve
rted-to.pdf res/leafrootpath.eps>
(epstopdf)             \includegraphics on input line 108.
Package epstopdf Info: Output file is already uptodate.

<res/leafrootpath-eps-converted-to.pdf, id=15, 206.7725pt x 188.705pt>
File: res/leafrootpath-eps-converted-to.pdf Graphic file (type pdf)

<use res/leafrootpath-eps-converted-to.pdf>
Package pdftex.def Info: res/leafrootpath-eps-converted-to.pdf used on input li
ne 108.
(pdftex.def)             Requested size: 86.72395pt x 93.94914pt.
 [2 <./res/leafroottree-eps-converted-to.pdf> <./res/leafrootpath-eps-converted
-to.pdf>]
Package epstopdf Info: Source file: <res/not-necessary.eps>
(epstopdf)                    date: 2015-04-30 09:01:37
(epstopdf)                    size: 6227 bytes
(epstopdf)             Output file: <res/not-necessary-eps-converted-to.pdf>
(epstopdf)                    date: 2015-05-06 13:08:11
(epstopdf)                    size: 4976 bytes
(epstopdf)             Command: <repstopdf --outfile=res/not-necessary-eps-conv
erted-to.pdf res/not-necessary.eps>
(epstopdf)             \includegraphics on input line 192.
Package epstopdf Info: Output file is already uptodate.

<res/not-necessary-eps-converted-to.pdf, id=33, 279.0425pt x 188.705pt>
File: res/not-necessary-eps-converted-to.pdf Graphic file (type pdf)

<use res/not-necessary-eps-converted-to.pdf>
Package pdftex.def Info: res/not-necessary-eps-converted-to.pdf used on input l
ine 192.
(pdftex.def)             Requested size: 115.63016pt x 93.94914pt.
Package epstopdf Info: Source file: <res/not-necessary2.eps>
(epstopdf)                    date: 2015-04-30 09:01:37
(epstopdf)                    size: 5967 bytes
(epstopdf)             Output file: <res/not-necessary2-eps-converted-to.pdf>
(epstopdf)                    date: 2015-05-06 13:08:12
(epstopdf)                    size: 4942 bytes
(epstopdf)             Command: <repstopdf --outfile=res/not-necessary2-eps-con
verted-to.pdf res/not-necessary2.eps>
(epstopdf)             \includegraphics on input line 199.
Package epstopdf Info: Output file is already uptodate.

<res/not-necessary2-eps-converted-to.pdf, id=34, 279.0425pt x 188.705pt>
File: res/not-necessary2-eps-converted-to.pdf Graphic file (type pdf)

<use res/not-necessary2-eps-converted-to.pdf>
Package pdftex.def Info: res/not-necessary2-eps-converted-to.pdf used on input 
line 199.
(pdftex.def)             Requested size: 108.4046pt x 93.94914pt.
 [3 <./res/not-necessary-eps-converted-to.pdf> <./res/not-necessary2-eps-conver
ted-to.pdf>]
Package epstopdf Info: Source file: <res/lpd.eps>
(epstopdf)                    date: 2015-04-30 09:01:37
(epstopdf)                    size: 5741 bytes
(epstopdf)             Output file: <res/lpd-eps-converted-to.pdf>
(epstopdf)                    date: 2015-05-06 17:57:42
(epstopdf)                    size: 4282 bytes
(epstopdf)             Command: <repstopdf --outfile=res/lpd-eps-converted-to.p
df res/lpd.eps>
(epstopdf)             \includegraphics on input line 351.
Package epstopdf Info: Output file is already uptodate.

<res/lpd-eps-converted-to.pdf, id=50, 206.7725pt x 230.8625pt>
File: res/lpd-eps-converted-to.pdf Graphic file (type pdf)

<use res/lpd-eps-converted-to.pdf>
Package pdftex.def Info: res/lpd-eps-converted-to.pdf used on input line 351.
(pdftex.def)             Requested size: 115.63405pt x 137.3138pt.
Package epstopdf Info: Source file: <res/lpd2.eps>
(epstopdf)                    date: 2015-04-30 09:01:37
(epstopdf)                    size: 6111 bytes
(epstopdf)             Output file: <res/lpd2-eps-converted-to.pdf>
(epstopdf)                    date: 2015-05-06 17:57:43
(epstopdf)                    size: 4831 bytes
(epstopdf)             Command: <repstopdf --outfile=res/lpd2-eps-converted-to.
pdf res/lpd2.eps>
(epstopdf)             \includegraphics on input line 358.
Package epstopdf Info: Output file is already uptodate.

<res/lpd2-eps-converted-to.pdf, id=51, 153.57375pt x 211.79124pt>
File: res/lpd2-eps-converted-to.pdf Graphic file (type pdf)

<use res/lpd2-eps-converted-to.pdf>
Package pdftex.def Info: res/lpd2-eps-converted-to.pdf used on input line 358.
(pdftex.def)             Requested size: 115.63463pt x 137.31688pt.

Overfull \hbox (2.59409pt too wide) in paragraph at lines 349--362
[][] |  [] 
 []


Underfull \vbox (badness 10000) has occurred while \output is active []

 [4 <./res/lpd-eps-converted-to.pdf> <./res/lpd2-eps-converted-to.pdf>]
Overfull \hbox (1.66309pt too wide) in paragraph at lines 495--499
\T1/aer/m/n/9 the fi-nal sym-bolic rel-e-vance score (pro-por-tion-ally to the 
num-
 []

[5]
Package epstopdf Info: Source file: <res/partial-rel.eps>
(epstopdf)                    date: 2015-05-11 02:55:47
(epstopdf)                    size: 28058 bytes
(epstopdf)             Output file: <res/partial-rel-eps-converted-to.pdf>
(epstopdf)                    date: 2015-05-11 02:59:43
(epstopdf)                    size: 19076 bytes
(epstopdf)             Command: <repstopdf --outfile=res/partial-rel-eps-conver
ted-to.pdf res/partial-rel.eps>
(epstopdf)             \includegraphics on input line 568.
Package epstopdf Info: Output file is already uptodate.
 <res/partial-rel-eps-converted-to.pdf, id=72, 587.19376pt x 442.65375pt>
File: res/partial-rel-eps-converted-to.pdf Graphic file (type pdf)

<use res/partial-rel-eps-converted-to.pdf>
Package pdftex.def Info: res/partial-rel-eps-converted-to.pdf used on input lin
e 568.
(pdftex.def)             Requested size: 245.71475pt x 180.67868pt.
Package epstopdf Info: Source file: <res/total-rel.eps>
(epstopdf)                    date: 2015-05-11 02:59:25
(epstopdf)                    size: 28022 bytes
(epstopdf)             Output file: <res/total-rel-eps-converted-to.pdf>
(epstopdf)                    date: 2015-05-11 02:59:43
(epstopdf)                    size: 19048 bytes
(epstopdf)             Command: <repstopdf --outfile=res/total-rel-eps-converte
d-to.pdf res/total-rel.eps>
(epstopdf)             \includegraphics on input line 575.
Package epstopdf Info: Output file is already uptodate.

<res/total-rel-eps-converted-to.pdf, id=73, 587.19376pt x 442.65375pt>
File: res/total-rel-eps-converted-to.pdf Graphic file (type pdf)

<use res/total-rel-eps-converted-to.pdf>
Package pdftex.def Info: res/total-rel-eps-converted-to.pdf used on input line 
575.
(pdftex.def)             Requested size: 245.71475pt x 180.67868pt.
 [6]
Package epstopdf Info: Source file: <res/response-time.eps>
(epstopdf)                    date: 2015-05-11 04:30:46
(epstopdf)                    size: 43433 bytes
(epstopdf)             Output file: <res/response-time-eps-converted-to.pdf>
(epstopdf)                    date: 2015-05-11 04:31:46
(epstopdf)                    size: 24172 bytes
(epstopdf)             Command: <repstopdf --outfile=res/response-time-eps-conv
erted-to.pdf res/response-time.eps>
(epstopdf)             \includegraphics on input line 599.
Package epstopdf Info: Output file is already uptodate.

<res/response-time-eps-converted-to.pdf, id=77, 587.19376pt x 442.65375pt>
File: res/response-time-eps-converted-to.pdf Graphic file (type pdf)

<use res/response-time-eps-converted-to.pdf>
Package pdftex.def Info: res/response-time-eps-converted-to.pdf used on input l
ine 599.
(pdftex.def)             Requested size: 256.55615pt x 180.67868pt.

Overfull \hbox (16.55615pt too wide) in paragraph at lines 599--600
 [] 
 []

[7 <./res/partial-rel-eps-converted-to.pdf> <./res/total-rel-eps-converted-to.p
df> <./res/response-time-eps-converted-to.pdf>] (./sigproc-sp.bbl) [8] [9]
(./sigproc-sp.aux) ) 
Here is how much of TeX's memory you used:
 3613 strings out of 495028
 47691 string characters out of 6181497
 128780 words of memory out of 5000000
 6706 multiletter control sequences out of 15000+600000
 53013 words of font info for 74 fonts, out of 8000000 for 9000
 14 hyphenation exceptions out of 8191
 41i,11n,28p,462b,325s stack positions out of 5000i,500n,10000p,200000b,80000s
{/usr/share/texlive/texmf-dist/fonts/enc/dvips/base/8r.enc}
</usr/share/texlive/texmf-dist/fonts/type1/public/amsfonts/cm/cmbx9.pfb></usr/s
hare/texlive/texmf-dist/fonts/type1/public/amsfonts/cm/cmcsc10.pfb></usr/share/
texlive/texmf-dist/fonts/type1/public/amsfonts/cmextra/cmex9.pfb></usr/share/te
xlive/texmf-dist/fonts/type1/public/amsfonts/cm/cmmi5.pfb></usr/share/texlive/t
exmf-dist/fonts/type1/public/amsfonts/cm/cmmi6.pfb></usr/share/texlive/texmf-di
st/fonts/type1/public/amsfonts/cm/cmmi9.pfb></usr/share/texlive/texmf-dist/font
s/type1/public/amsfonts/cm/cmr5.pfb></usr/share/texlive/texmf-dist/fonts/type1/
public/amsfonts/cm/cmr6.pfb></usr/share/texlive/texmf-dist/fonts/type1/public/a
msfonts/cm/cmr9.pfb></usr/share/texlive/texmf-dist/fonts/type1/public/amsfonts/
cm/cmsy5.pfb></usr/share/texlive/texmf-dist/fonts/type1/public/amsfonts/cm/cmsy
6.pfb></usr/share/texlive/texmf-dist/fonts/type1/public/amsfonts/cm/cmsy9.pfb><
/usr/share/texlive/texmf-dist/fonts/type1/public/amsfonts/cm/cmti9.pfb></usr/sh
are/texlive/texmf-dist/fonts/type1/public/amsfonts/symbols/msbm10.pfb></usr/sha
re/texlive/texmf-dist/fonts/type1/urw/helvetic/uhvb8a.pfb></usr/share/texlive/t
exmf-dist/fonts/type1/urw/helvetic/uhvbo8a.pfb></usr/share/texlive/texmf-dist/f
onts/type1/urw/times/utmb8a.pfb></usr/share/texlive/texmf-dist/fonts/type1/urw/
times/utmri8a.pfb>
Output written on sigproc-sp.pdf (9 pages, 330009 bytes).
PDF statistics:
 274 PDF objects out of 1000 (max. 8388607)
 119 compressed objects within 2 object streams
 0 named destinations out of 1000 (max. 500000)
 46 words of extra memory for PDF output out of 10000 (max. 10000000)

